<?xml version="1.0" encoding="UTF-8"?>
<!-- Generated by org.testng.reporters.JUnitReportReporter -->
<testsuite hostname="DESKTOP-PUV8SHM" failures="0" tests="1" name="testCases.TC_003_SearchText" time="2.820" errors="0" timestamp="2024-04-04T10:58:20 IST" skipped="0">
  <testcase classname="testCases.TC_003_SearchText" name="testSearch" time="2.820"/>
</testsuite> <!-- testCases.TC_003_SearchText -->
