<?xml version="1.0" encoding="UTF-8"?>
<!-- Generated by org.testng.reporters.JUnitReportReporter -->
<testsuite hostname="DESKTOP-45GDJTM" failures="0" tests="1" name="testCases.TC_002_LoginPageTest" time="3.360" errors="0" timestamp="2024-12-04T19:45:39 IST" skipped="0">
  <testcase classname="testCases.TC_002_LoginPageTest" name="testLogin" time="3.360"/>
  <system-out/>
</testsuite> <!-- testCases.TC_002_LoginPageTest -->
