<?xml version="1.0" encoding="UTF-8"?>
<!-- Generated by org.testng.reporters.JUnitReportReporter -->
<testsuite hostname="DESKTOP-PUV8SHM" failures="0" tests="1" name="testCases.TC_002_LoginPageTest" time="5.510" errors="0" timestamp="2024-03-29T17:54:04 IST" skipped="0">
  <testcase classname="testCases.TC_002_LoginPageTest" name="testLogin" time="5.510"/>
</testsuite> <!-- testCases.TC_002_LoginPageTest -->
