<?xml version="1.0" encoding="UTF-8"?>
<!-- Generated by org.testng.reporters.JUnitReportReporter -->
<testsuite hostname="DESKTOP-45GDJTM" failures="0" tests="1" name="testCases.TC_004_LoginFailTest" time="19.760" errors="0" timestamp="2024-08-25T15:34:16 IST" skipped="0">
  <testcase classname="testCases.TC_004_LoginFailTest" name="testLoginFail" time="19.760"/>
  <system-out/>
</testsuite> <!-- testCases.TC_004_LoginFailTest -->
