<?xml version="1.0" encoding="UTF-8"?>
<!-- Generated by org.testng.reporters.JUnitReportReporter -->
<testsuite hostname="DESKTOP-PUV8SHM" failures="0" tests="1" name="testCases.TC_004_LoginFailTest" time="2.303" errors="0" timestamp="2024-04-04T10:58:20 IST" skipped="0">
  <testcase classname="testCases.TC_004_LoginFailTest" name="testLoginFail" time="2.303"/>
</testsuite> <!-- testCases.TC_004_LoginFailTest -->
