<?xml version="1.0" encoding="UTF-8"?>
<!-- Generated by org.testng.reporters.JUnitReportReporter -->
<testsuite hostname="DESKTOP-45GDJTM" failures="0" tests="1" name="testCases.TC_001_AccountRegistrationTest" time="2.975" errors="0" timestamp="2024-08-25T17:57:14 IST" skipped="0">
  <testcase classname="testCases.TC_001_AccountRegistrationTest" name="test_account_Registration" time="2.975"/>
  <system-out/>
</testsuite> <!-- testCases.TC_001_AccountRegistrationTest -->
