<?xml version="1.0" encoding="UTF-8"?>
<!-- Generated by org.testng.reporters.JUnitReportReporter -->
<testsuite hostname="DESKTOP-45GDJTM" failures="0" tests="1" name="testCases.TC_003_SearchText" time="1.383" errors="0" timestamp="2024-08-27T00:39:16 IST" skipped="0">
  <testcase classname="testCases.TC_003_SearchText" name="testSearch" time="1.383"/>
  <system-out/>
</testsuite> <!-- testCases.TC_003_SearchText -->
