<?xml version="1.0" encoding="UTF-8"?>
<!-- Generated by org.testng.reporters.JUnitReportReporter -->
<testsuite hostname="DESKTOP-45GDJTM" failures="0" tests="1" name="testCases.EndToEnd" time="5.463" errors="0" timestamp="2024-08-27T00:39:40 IST" skipped="0">
  <testcase classname="testCases.EndToEnd" name="testEndtoend" time="5.463"/>
  <system-out/>
</testsuite> <!-- testCases.EndToEnd -->
