<?xml version="1.0" encoding="UTF-8"?>
<!-- Generated by org.testng.reporters.JUnitReportReporter -->
<testsuite hostname="DESKTOP-45GDJTM" failures="0" tests="1" name="testCases.TC_003_SearchText" time="2.150" errors="0" timestamp="2024-12-04T19:45:39 IST" skipped="0">
  <testcase classname="testCases.TC_003_SearchText" name="testSearch" time="2.150"/>
  <system-out/>
</testsuite> <!-- testCases.TC_003_SearchText -->
