<?xml version="1.0" encoding="UTF-8"?>
<!-- Generated by org.testng.reporters.JUnitReportReporter -->
<testsuite hostname="DESKTOP-45GDJTM" failures="0" tests="1" name="testCases.EndToEnd" time="15.429" errors="0" timestamp="2024-12-04T19:47:16 IST" skipped="0">
  <testcase classname="testCases.EndToEnd" name="testEndtoend" time="15.429"/>
  <system-out/>
</testsuite> <!-- testCases.EndToEnd -->
