<?xml version="1.0" encoding="UTF-8"?>
<!-- Generated by org.testng.reporters.JUnitReportReporter -->
<testsuite hostname="DESKTOP-PUV8SHM" failures="0" tests="1" name="testCases.TC_001_AccountRegistrationTest" time="4.675" errors="0" timestamp="2024-04-04T10:58:20 IST" skipped="0">
  <testcase classname="testCases.TC_001_AccountRegistrationTest" name="test_account_Registration" time="4.675"/>
</testsuite> <!-- testCases.TC_001_AccountRegistrationTest -->
