<?xml version="1.0" encoding="UTF-8"?>
<!-- Generated by org.testng.reporters.JUnitReportReporter -->
<testsuite hostname="DESKTOP-45GDJTM" failures="0" tests="1" name="testCases.TC_001_AccountRegistrationTest" time="6.769" errors="0" timestamp="2024-12-04T19:45:39 IST" skipped="0">
  <testcase classname="testCases.TC_001_AccountRegistrationTest" name="test_account_Registration" time="6.769"/>
  <system-out/>
</testsuite> <!-- testCases.TC_001_AccountRegistrationTest -->
