<?xml version="1.0" encoding="UTF-8"?>
<!-- Generated by org.testng.reporters.JUnitReportReporter -->
<testsuite hostname="DESKTOP-45GDJTM" failures="0" tests="1" name="testCases.TC_002_LoginPageTest" time="2.069" errors="0" timestamp="2024-08-27T00:39:16 IST" skipped="0">
  <testcase classname="testCases.TC_002_LoginPageTest" name="testLogin" time="2.069"/>
  <system-out/>
</testsuite> <!-- testCases.TC_002_LoginPageTest -->
