<?xml version="1.0" encoding="UTF-8"?>
<!-- Generated by org.testng.reporters.JUnitReportReporter -->
<testsuite hostname="DESKTOP-45GDJTM" failures="0" tests="1" name="testCases.TC_002_LoginPageTest" time="21.377" errors="0" timestamp="2024-08-25T15:34:16 IST" skipped="0">
  <testcase classname="testCases.TC_002_LoginPageTest" name="testLogin" time="21.377"/>
  <system-out/>
</testsuite> <!-- testCases.TC_002_LoginPageTest -->
